This file contains any messages produced by compilers while
running configure, to aid debugging if configure makes a mistake.

It was created by credex configure 0.1.0, which was
generated by GNU Autoconf 2.69.  Invocation command line was

  $ ./configure 

## --------- ##
## Platform. ##
## --------- ##

hostname = inspiron-3537
uname -m = x86_64
uname -r = 4.15.0-34-generic
uname -s = Linux
uname -v = #37-Ubuntu SMP Mon Aug 27 15:21:48 UTC 2018

/usr/bin/uname -p = unknown
/bin/uname -X     = unknown

/bin/arch              = unknown
/usr/bin/arch -k       = unknown
/usr/convex/getsysinfo = unknown
/usr/bin/hostinfo      = unknown
/bin/machine           = unknown
/usr/bin/oslevel       = unknown
/bin/universe          = unknown

PATH: /usr/local/sbin
PATH: /usr/local/bin
PATH: /usr/sbin
PATH: /usr/bin
PATH: /sbin
PATH: /bin
PATH: /usr/games
PATH: /usr/local/games
PATH: /snap/bin
PATH: /usr/bin/apktool


## ----------- ##
## Core tests. ##
## ----------- ##

configure:2682: checking for a BSD-compatible install
configure:2750: result: /usr/bin/install -c
configure:2761: checking whether build environment is sane
configure:2816: result: yes
configure:2967: checking for a thread-safe mkdir -p
configure:3006: result: /bin/mkdir -p
configure:3013: checking for gawk
configure:3043: result: no
configure:3013: checking for mawk
configure:3029: found /usr/bin/mawk
configure:3040: result: mawk
configure:3051: checking whether make sets $(MAKE)
configure:3073: result: yes
configure:3102: checking whether make supports nested variables
configure:3119: result: yes
configure:3275: checking build system type
configure:3289: result: x86_64-pc-linux-gnu
configure:3309: checking host system type
configure:3322: result: x86_64-pc-linux-gnu
configure:3363: checking how to print strings
configure:3390: result: printf
configure:3423: checking for style of include used by make
configure:3451: result: GNU
configure:3522: checking for gcc
configure:3538: found /usr/bin/gcc
configure:3549: result: gcc
configure:3778: checking for C compiler version
configure:3787: gcc --version >&5
gcc (Ubuntu 7.3.0-16ubuntu3) 7.3.0
Copyright (C) 2017 Free Software Foundation, Inc.
This is free software; see the source for copying conditions.  There is NO
warranty; not even for MERCHANTABILITY or FITNESS FOR A PARTICULAR PURPOSE.

configure:3798: $? = 0
configure:3787: gcc -v >&5
Using built-in specs.
COLLECT_GCC=gcc
COLLECT_LTO_WRAPPER=/usr/lib/gcc/x86_64-linux-gnu/7/lto-wrapper
OFFLOAD_TARGET_NAMES=nvptx-none
OFFLOAD_TARGET_DEFAULT=1
Target: x86_64-linux-gnu
Configured with: ../src/configure -v --with-pkgversion='Ubuntu 7.3.0-16ubuntu3' --with-bugurl=file:///usr/share/doc/gcc-7/README.Bugs --enable-languages=c,ada,c++,go,brig,d,fortran,objc,obj-c++ --prefix=/usr --with-gcc-major-version-only --with-as=/usr/bin/x86_64-linux-gnu-as --with-ld=/usr/bin/x86_64-linux-gnu-ld --program-suffix=-7 --program-prefix=x86_64-linux-gnu- --enable-shared --enable-linker-build-id --libexecdir=/usr/lib --without-included-gettext --enable-threads=posix --libdir=/usr/lib --enable-nls --with-sysroot=/ --enable-clocale=gnu --enable-libstdcxx-debug --enable-libstdcxx-time=yes --with-default-libstdcxx-abi=new --enable-gnu-unique-object --disable-vtable-verify --enable-libmpx --enable-plugin --enable-default-pie --with-system-zlib --with-target-system-zlib --enable-objc-gc=auto --enable-multiarch --disable-werror --with-arch-32=i686 --with-abi=m64 --with-multilib-list=m32,m64,mx32 --enable-multilib --with-tune=generic --enable-offload-targets=nvptx-none --without-cuda-driver --enable-checking=release --build=x86_64-linux-gnu --host=x86_64-linux-gnu --target=x86_64-linux-gnu
Thread model: posix
gcc version 7.3.0 (Ubuntu 7.3.0-16ubuntu3) 
configure:3798: $? = 0
configure:3787: gcc -V >&5
gcc: error: unrecognized command line option '-V'
gcc: fatal error: no input files
compilation terminated.
configure:3798: $? = 1
configure:3787: gcc -qversion >&5
gcc: error: unrecognized command line option '-qversion'; did you mean '--version'?
gcc: fatal error: no input files
compilation terminated.
configure:3798: $? = 1
configure:3818: checking whether the C compiler works
configure:3840: gcc    conftest.c  >&5
configure:3844: $? = 0
configure:3892: result: yes
configure:3895: checking for C compiler default output file name
configure:3897: result: a.out
configure:3903: checking for suffix of executables
configure:3910: gcc -o conftest    conftest.c  >&5
configure:3914: $? = 0
configure:3936: result: 
configure:3958: checking whether we are cross compiling
configure:3966: gcc -o conftest    conftest.c  >&5
configure:3970: $? = 0
configure:3977: ./conftest
configure:3981: $? = 0
configure:3996: result: no
configure:4001: checking for suffix of object files
configure:4023: gcc -c   conftest.c >&5
configure:4027: $? = 0
configure:4048: result: o
configure:4052: checking whether we are using the GNU C compiler
configure:4071: gcc -c   conftest.c >&5
configure:4071: $? = 0
configure:4080: result: yes
configure:4089: checking whether gcc accepts -g
configure:4109: gcc -c -g  conftest.c >&5
configure:4109: $? = 0
configure:4150: result: yes
configure:4167: checking for gcc option to accept ISO C89
configure:4230: gcc  -c -g -O2  conftest.c >&5
configure:4230: $? = 0
configure:4243: result: none needed
configure:4268: checking whether gcc understands -c and -o together
configure:4290: gcc -c conftest.c -o conftest2.o
configure:4293: $? = 0
configure:4290: gcc -c conftest.c -o conftest2.o
configure:4293: $? = 0
configure:4305: result: yes
configure:4324: checking dependency style of gcc
configure:4435: result: gcc3
configure:4450: checking for a sed that does not truncate output
configure:4514: result: /bin/sed
configure:4532: checking for grep that handles long lines and -e
configure:4590: result: /bin/grep
configure:4595: checking for egrep
configure:4657: result: /bin/grep -E
configure:4662: checking for fgrep
configure:4724: result: /bin/grep -F
configure:4759: checking for ld used by gcc
configure:4826: result: /usr/bin/x86_64-linux-gnu-ld
configure:4833: checking if the linker (/usr/bin/x86_64-linux-gnu-ld) is GNU ld
configure:4848: result: yes
configure:4860: checking for BSD- or MS-compatible name lister (nm)
configure:4914: result: /usr/bin/nm -B
configure:5044: checking the name lister (/usr/bin/nm -B) interface
configure:5051: gcc -c -g -O2  conftest.c >&5
configure:5054: /usr/bin/nm -B "conftest.o"
configure:5057: output
0000000000000000 B some_variable
configure:5064: result: BSD nm
configure:5067: checking whether ln -s works
configure:5071: result: yes
configure:5079: checking the maximum length of command line arguments
configure:5210: result: 1572864
configure:5258: checking how to convert x86_64-pc-linux-gnu file names to x86_64-pc-linux-gnu format
configure:5298: result: func_convert_file_noop
configure:5305: checking how to convert x86_64-pc-linux-gnu file names to toolchain format
configure:5325: result: func_convert_file_noop
configure:5332: checking for /usr/bin/x86_64-linux-gnu-ld option to reload object files
configure:5339: result: -r
configure:5413: checking for objdump
configure:5429: found /usr/bin/objdump
configure:5440: result: objdump
configure:5472: checking how to recognize dependent libraries
configure:5672: result: pass_all
configure:5757: checking for dlltool
configure:5787: result: no
configure:5817: checking how to associate runtime and link libraries
configure:5844: result: printf %s\n
configure:5905: checking for ar
configure:5921: found /usr/bin/ar
configure:5932: result: ar
configure:5969: checking for archiver @FILE support
configure:5986: gcc -c -g -O2  conftest.c >&5
configure:5986: $? = 0
configure:5989: ar cru libconftest.a @conftest.lst >&5
ar: `u' modifier ignored since `D' is the default (see `U')
configure:5992: $? = 0
configure:5997: ar cru libconftest.a @conftest.lst >&5
ar: `u' modifier ignored since `D' is the default (see `U')
ar: conftest.o: No such file or directory
configure:6000: $? = 1
configure:6012: result: @
configure:6070: checking for strip
configure:6086: found /usr/bin/strip
configure:6097: result: strip
configure:6169: checking for ranlib
configure:6185: found /usr/bin/ranlib
configure:6196: result: ranlib
configure:6298: checking command to parse /usr/bin/nm -B output from gcc object
configure:6451: gcc -c -g -O2  conftest.c >&5
configure:6454: $? = 0
configure:6458: /usr/bin/nm -B conftest.o \| sed -n -e 's/^.*[ ]\([ABCDGIRSTW][ABCDGIRSTW]*\)[ ][ ]*\([_A-Za-z][_A-Za-z0-9]*\)$/\1 \2 \2/p' | sed '/ __gnu_lto/d' \> conftest.nm
configure:6461: $? = 0
configure:6527: gcc -o conftest -g -O2   conftest.c conftstm.o >&5
configure:6530: $? = 0
configure:6568: result: ok
configure:6615: checking for sysroot
configure:6645: result: no
configure:6652: checking for a working dd
configure:6690: result: /bin/dd
configure:6694: checking how to truncate binary pipes
configure:6709: result: /bin/dd bs=4096 count=1
configure:6845: gcc -c -g -O2  conftest.c >&5
configure:6848: $? = 0
configure:7038: checking for mt
configure:7054: found /bin/mt
configure:7065: result: mt
configure:7088: checking if mt is a manifest tool
configure:7094: mt '-?'
configure:7102: result: no
configure:7779: checking how to run the C preprocessor
configure:7810: gcc -E  conftest.c
configure:7810: $? = 0
configure:7824: gcc -E  conftest.c
conftest.c:11:10: fatal error: ac_nonexistent.h: No such file or directory
 #include <ac_nonexistent.h>
          ^~~~~~~~~~~~~~~~~~
compilation terminated.
configure:7824: $? = 1
configure: failed program was:
| /* confdefs.h */
| #define PACKAGE_NAME "credex"
| #define PACKAGE_TARNAME "credex"
| #define PACKAGE_VERSION "0.1.0"
| #define PACKAGE_STRING "credex 0.1.0"
| #define PACKAGE_BUGREPORT "yannis@di.uoa.gr"
| #define PACKAGE_URL ""
| #define PACKAGE "credex"
| #define VERSION "0.1.0"
| /* end confdefs.h.  */
| #include <ac_nonexistent.h>
configure:7849: result: gcc -E
configure:7869: gcc -E  conftest.c
configure:7869: $? = 0
configure:7883: gcc -E  conftest.c
conftest.c:11:10: fatal error: ac_nonexistent.h: No such file or directory
 #include <ac_nonexistent.h>
          ^~~~~~~~~~~~~~~~~~
compilation terminated.
configure:7883: $? = 1
configure: failed program was:
| /* confdefs.h */
| #define PACKAGE_NAME "credex"
| #define PACKAGE_TARNAME "credex"
| #define PACKAGE_VERSION "0.1.0"
| #define PACKAGE_STRING "credex 0.1.0"
| #define PACKAGE_BUGREPORT "yannis@di.uoa.gr"
| #define PACKAGE_URL ""
| #define PACKAGE "credex"
| #define VERSION "0.1.0"
| /* end confdefs.h.  */
| #include <ac_nonexistent.h>
configure:7912: checking for ANSI C header files
configure:7932: gcc -c -g -O2  conftest.c >&5
configure:7932: $? = 0
configure:8005: gcc -o conftest -g -O2   conftest.c  >&5
configure:8005: $? = 0
configure:8005: ./conftest
configure:8005: $? = 0
configure:8016: result: yes
configure:8029: checking for sys/types.h
configure:8029: gcc -c -g -O2  conftest.c >&5
configure:8029: $? = 0
configure:8029: result: yes
configure:8029: checking for sys/stat.h
configure:8029: gcc -c -g -O2  conftest.c >&5
configure:8029: $? = 0
configure:8029: result: yes
configure:8029: checking for stdlib.h
configure:8029: gcc -c -g -O2  conftest.c >&5
configure:8029: $? = 0
configure:8029: result: yes
configure:8029: checking for string.h
configure:8029: gcc -c -g -O2  conftest.c >&5
configure:8029: $? = 0
configure:8029: result: yes
configure:8029: checking for memory.h
configure:8029: gcc -c -g -O2  conftest.c >&5
configure:8029: $? = 0
configure:8029: result: yes
configure:8029: checking for strings.h
configure:8029: gcc -c -g -O2  conftest.c >&5
configure:8029: $? = 0
configure:8029: result: yes
configure:8029: checking for inttypes.h
configure:8029: gcc -c -g -O2  conftest.c >&5
configure:8029: $? = 0
configure:8029: result: yes
configure:8029: checking for stdint.h
configure:8029: gcc -c -g -O2  conftest.c >&5
configure:8029: $? = 0
configure:8029: result: yes
configure:8029: checking for unistd.h
configure:8029: gcc -c -g -O2  conftest.c >&5
configure:8029: $? = 0
configure:8029: result: yes
configure:8043: checking for dlfcn.h
configure:8043: gcc -c -g -O2  conftest.c >&5
configure:8043: $? = 0
configure:8043: result: yes
configure:8299: checking for objdir
configure:8314: result: .libs
configure:8578: checking if gcc supports -fno-rtti -fno-exceptions
configure:8596: gcc -c -g -O2  -fno-rtti -fno-exceptions conftest.c >&5
cc1: warning: command line option '-fno-rtti' is valid for C++/ObjC++ but not for C
configure:8600: $? = 0
configure:8613: result: no
configure:8971: checking for gcc option to produce PIC
configure:8978: result: -fPIC -DPIC
configure:8986: checking if gcc PIC flag -fPIC -DPIC works
configure:9004: gcc -c -g -O2  -fPIC -DPIC -DPIC conftest.c >&5
configure:9008: $? = 0
configure:9021: result: yes
configure:9050: checking if gcc static flag -static works
configure:9078: result: yes
configure:9093: checking if gcc supports -c -o file.o
configure:9114: gcc -c -g -O2  -o out/conftest2.o conftest.c >&5
configure:9118: $? = 0
configure:9140: result: yes
configure:9148: checking if gcc supports -c -o file.o
configure:9195: result: yes
configure:9228: checking whether the gcc linker (/usr/bin/x86_64-linux-gnu-ld -m elf_x86_64) supports shared libraries
configure:10491: result: yes
configure:10528: checking whether -lc should be explicitly linked in
configure:10536: gcc -c -g -O2  conftest.c >&5
configure:10539: $? = 0
configure:10554: gcc -shared  -fPIC -DPIC conftest.o  -v -Wl,-soname -Wl,conftest -o conftest 2\>\&1 \| /bin/grep  -lc  \>/dev/null 2\>\&1
configure:10557: $? = 0
configure:10571: result: no
configure:10731: checking dynamic linker characteristics
configure:11312: gcc -o conftest -g -O2   -Wl,-rpath -Wl,/foo conftest.c  >&5
configure:11312: $? = 0
configure:11561: result: GNU/Linux ld.so
configure:11683: checking how to hardcode library paths into programs
configure:11708: result: immediate
configure:12256: checking whether stripping libraries is possible
configure:12261: result: yes
configure:12296: checking if libtool supports shared libraries
configure:12298: result: yes
configure:12301: checking whether to build shared libraries
configure:12326: result: yes
configure:12329: checking whether to build static libraries
configure:12333: result: yes
configure:12434: checking for g++
configure:12450: found /usr/bin/g++
configure:12461: result: g++
configure:12488: checking for C++ compiler version
configure:12497: g++ --version >&5
g++ (Ubuntu 6.4.0-17ubuntu1) 6.4.0 20180424
Copyright (C) 2017 Free Software Foundation, Inc.
This is free software; see the source for copying conditions.  There is NO
warranty; not even for MERCHANTABILITY or FITNESS FOR A PARTICULAR PURPOSE.

configure:12508: $? = 0
configure:12497: g++ -v >&5
Using built-in specs.
COLLECT_GCC=g++
COLLECT_LTO_WRAPPER=/usr/lib/gcc/x86_64-linux-gnu/6/lto-wrapper
Target: x86_64-linux-gnu
Configured with: ../src/configure -v --with-pkgversion='Ubuntu 6.4.0-17ubuntu1' --with-bugurl=file:///usr/share/doc/gcc-6/README.Bugs --enable-languages=c,ada,c++,go,d,fortran,objc,obj-c++ --prefix=/usr --with-as=/usr/bin/x86_64-linux-gnu-as --with-ld=/usr/bin/x86_64-linux-gnu-ld --program-suffix=-6 --program-prefix=x86_64-linux-gnu- --enable-shared --enable-linker-build-id --libexecdir=/usr/lib --without-included-gettext --enable-threads=posix --libdir=/usr/lib --enable-nls --with-sysroot=/ --enable-clocale=gnu --enable-libstdcxx-debug --enable-libstdcxx-time=yes --with-default-libstdcxx-abi=new --enable-gnu-unique-object --disable-vtable-verify --enable-libmpx --enable-plugin --enable-default-pie --with-system-zlib --with-target-system-zlib --enable-objc-gc=auto --enable-multiarch --disable-werror --with-arch-32=i686 --with-abi=m64 --with-multilib-list=m32,m64,mx32 --enable-multilib --with-tune=generic --enable-checking=release --build=x86_64-linux-gnu --host=x86_64-linux-gnu --target=x86_64-linux-gnu
Thread model: posix
gcc version 6.4.0 20180424 (Ubuntu 6.4.0-17ubuntu1) 
configure:12508: $? = 0
configure:12497: g++ -V >&5
g++: error: unrecognized command line option '-V'
g++: fatal error: no input files
compilation terminated.
configure:12508: $? = 1
configure:12497: g++ -qversion >&5
g++: error: unrecognized command line option '-qversion'; did you mean '--version'?
g++: fatal error: no input files
compilation terminated.
configure:12508: $? = 1
configure:12512: checking whether we are using the GNU C++ compiler
configure:12531: g++ -c   conftest.cpp >&5
configure:12531: $? = 0
configure:12540: result: yes
configure:12549: checking whether g++ accepts -g
configure:12569: g++ -c -g  conftest.cpp >&5
configure:12569: $? = 0
configure:12610: result: yes
configure:12635: checking dependency style of g++
configure:12746: result: gcc3
configure:12779: checking how to run the C++ preprocessor
configure:12806: g++ -E  conftest.cpp
configure:12806: $? = 0
configure:12820: g++ -E  conftest.cpp
conftest.cpp:23:28: fatal error: ac_nonexistent.h: No such file or directory
 #include <ac_nonexistent.h>
                            ^
compilation terminated.
configure:12820: $? = 1
configure: failed program was:
| /* confdefs.h */
| #define PACKAGE_NAME "credex"
| #define PACKAGE_TARNAME "credex"
| #define PACKAGE_VERSION "0.1.0"
| #define PACKAGE_STRING "credex 0.1.0"
| #define PACKAGE_BUGREPORT "yannis@di.uoa.gr"
| #define PACKAGE_URL ""
| #define PACKAGE "credex"
| #define VERSION "0.1.0"
| #define STDC_HEADERS 1
| #define HAVE_SYS_TYPES_H 1
| #define HAVE_SYS_STAT_H 1
| #define HAVE_STDLIB_H 1
| #define HAVE_STRING_H 1
| #define HAVE_MEMORY_H 1
| #define HAVE_STRINGS_H 1
| #define HAVE_INTTYPES_H 1
| #define HAVE_STDINT_H 1
| #define HAVE_UNISTD_H 1
| #define HAVE_DLFCN_H 1
| #define LT_OBJDIR ".libs/"
| /* end confdefs.h.  */
| #include <ac_nonexistent.h>
configure:12845: result: g++ -E
configure:12865: g++ -E  conftest.cpp
configure:12865: $? = 0
configure:12879: g++ -E  conftest.cpp
conftest.cpp:23:28: fatal error: ac_nonexistent.h: No such file or directory
 #include <ac_nonexistent.h>
                            ^
compilation terminated.
configure:12879: $? = 1
configure: failed program was:
| /* confdefs.h */
| #define PACKAGE_NAME "credex"
| #define PACKAGE_TARNAME "credex"
| #define PACKAGE_VERSION "0.1.0"
| #define PACKAGE_STRING "credex 0.1.0"
| #define PACKAGE_BUGREPORT "yannis@di.uoa.gr"
| #define PACKAGE_URL ""
| #define PACKAGE "credex"
| #define VERSION "0.1.0"
| #define STDC_HEADERS 1
| #define HAVE_SYS_TYPES_H 1
| #define HAVE_SYS_STAT_H 1
| #define HAVE_STDLIB_H 1
| #define HAVE_STRING_H 1
| #define HAVE_MEMORY_H 1
| #define HAVE_STRINGS_H 1
| #define HAVE_INTTYPES_H 1
| #define HAVE_STDINT_H 1
| #define HAVE_UNISTD_H 1
| #define HAVE_DLFCN_H 1
| #define LT_OBJDIR ".libs/"
| /* end confdefs.h.  */
| #include <ac_nonexistent.h>
configure:13041: checking for ld used by g++
configure:13108: result: /usr/bin/x86_64-linux-gnu-ld -m elf_x86_64
configure:13115: checking if the linker (/usr/bin/x86_64-linux-gnu-ld -m elf_x86_64) is GNU ld
configure:13130: result: yes
configure:13185: checking whether the g++ linker (/usr/bin/x86_64-linux-gnu-ld -m elf_x86_64) supports shared libraries
configure:14258: result: yes
configure:14294: g++ -c   conftest.cpp >&5
configure:14297: $? = 0
configure:14778: checking for g++ option to produce PIC
configure:14785: result: -fPIC -DPIC
configure:14793: checking if g++ PIC flag -fPIC -DPIC works
configure:14811: g++ -c   -fPIC -DPIC -DPIC conftest.cpp >&5
configure:14815: $? = 0
configure:14828: result: yes
configure:14851: checking if g++ static flag -static works
configure:14879: result: yes
configure:14891: checking if g++ supports -c -o file.o
configure:14912: g++ -c   -o out/conftest2.o conftest.cpp >&5
configure:14916: $? = 0
configure:14938: result: yes
configure:14943: checking if g++ supports -c -o file.o
configure:14990: result: yes
configure:15020: checking whether the g++ linker (/usr/bin/x86_64-linux-gnu-ld -m elf_x86_64) supports shared libraries
configure:15063: result: yes
configure:15204: checking dynamic linker characteristics
configure:15961: result: GNU/Linux ld.so
configure:16026: checking how to hardcode library paths into programs
configure:16051: result: immediate
configure:16139: checking for gcc
configure:16166: result: gcc
configure:16395: checking for C compiler version
configure:16404: gcc --version >&5
gcc (Ubuntu 7.3.0-16ubuntu3) 7.3.0
Copyright (C) 2017 Free Software Foundation, Inc.
This is free software; see the source for copying conditions.  There is NO
warranty; not even for MERCHANTABILITY or FITNESS FOR A PARTICULAR PURPOSE.

configure:16415: $? = 0
configure:16404: gcc -v >&5
Using built-in specs.
COLLECT_GCC=gcc
COLLECT_LTO_WRAPPER=/usr/lib/gcc/x86_64-linux-gnu/7/lto-wrapper
OFFLOAD_TARGET_NAMES=nvptx-none
OFFLOAD_TARGET_DEFAULT=1
Target: x86_64-linux-gnu
Configured with: ../src/configure -v --with-pkgversion='Ubuntu 7.3.0-16ubuntu3' --with-bugurl=file:///usr/share/doc/gcc-7/README.Bugs --enable-languages=c,ada,c++,go,brig,d,fortran,objc,obj-c++ --prefix=/usr --with-gcc-major-version-only --with-as=/usr/bin/x86_64-linux-gnu-as --with-ld=/usr/bin/x86_64-linux-gnu-ld --program-suffix=-7 --program-prefix=x86_64-linux-gnu- --enable-shared --enable-linker-build-id --libexecdir=/usr/lib --without-included-gettext --enable-threads=posix --libdir=/usr/lib --enable-nls --with-sysroot=/ --enable-clocale=gnu --enable-libstdcxx-debug --enable-libstdcxx-time=yes --with-default-libstdcxx-abi=new --enable-gnu-unique-object --disable-vtable-verify --enable-libmpx --enable-plugin --enable-default-pie --with-system-zlib --with-target-system-zlib --enable-objc-gc=auto --enable-multiarch --disable-werror --with-arch-32=i686 --with-abi=m64 --with-multilib-list=m32,m64,mx32 --enable-multilib --with-tune=generic --enable-offload-targets=nvptx-none --without-cuda-driver --enable-checking=release --build=x86_64-linux-gnu --host=x86_64-linux-gnu --target=x86_64-linux-gnu
Thread model: posix
gcc version 7.3.0 (Ubuntu 7.3.0-16ubuntu3) 
configure:16415: $? = 0
configure:16404: gcc -V >&5
gcc: error: unrecognized command line option '-V'
gcc: fatal error: no input files
compilation terminated.
configure:16415: $? = 1
configure:16404: gcc -qversion >&5
gcc: error: unrecognized command line option '-qversion'; did you mean '--version'?
gcc: fatal error: no input files
compilation terminated.
configure:16415: $? = 1
configure:16419: checking whether we are using the GNU C compiler
configure:16447: result: yes
configure:16456: checking whether gcc accepts -g
configure:16517: result: yes
configure:16534: checking for gcc option to accept ISO C89
configure:16610: result: none needed
configure:16635: checking whether gcc understands -c and -o together
configure:16672: result: yes
configure:16691: checking dependency style of gcc
configure:16802: result: gcc3
configure:16855: checking for gcj
configure:16885: result: no
configure:16855: checking for guavac
configure:16885: result: no
configure:16855: checking for jikes
configure:16885: result: no
configure:16855: checking for javac
configure:16871: found /usr/bin/javac
configure:16882: result: javac
configure:16939: checking if javac works
configure:16953: javac  Test.java
configure:16956: $? = 0
configure:16967: result: yes
configure:16977: checking for kaffe
configure:17007: result: no
configure:16977: checking for java
configure:16993: found /usr/bin/java
configure:17004: result: java
configure:17188: checking if java works
configure:17205: javac  Test.java
configure:17208: $? = 0
configure:17217: java -classpath .  Test
configure:17220: $? = 0
configure:17231: result: yes
configure:17269: checking for dx
configure:17287: found /home/lydia/Android/Sdk/build-tools/28.0.2/dx
configure:17301: result: /home/lydia/Android/Sdk/build-tools/28.0.2/dx
configure:17347: checking for a Python interpreter with version >= 3.0
configure:17364: python -c import sys # split strings by '.' and convert to numeric. Append some zeros # because we need at least 4 digits for the hex conversion. # map returns an iterator in Python 3.0 and a list in 2.x minver = list(map(int, '3.0'.split('.'))) + [0, 0, 0] minverhex = 0 # xrange is not present in Python 3.0 and range returns an iterator for i in list(range(0, 4)): minverhex = (minverhex << 8) + minver[i] sys.exit(sys.hexversion < minverhex)
configure:17367: $? = 1
configure:17364: python2 -c import sys # split strings by '.' and convert to numeric. Append some zeros # because we need at least 4 digits for the hex conversion. # map returns an iterator in Python 3.0 and a list in 2.x minver = list(map(int, '3.0'.split('.'))) + [0, 0, 0] minverhex = 0 # xrange is not present in Python 3.0 and range returns an iterator for i in list(range(0, 4)): minverhex = (minverhex << 8) + minver[i] sys.exit(sys.hexversion < minverhex)
configure:17367: $? = 1
configure:17364: python3 -c import sys # split strings by '.' and convert to numeric. Append some zeros # because we need at least 4 digits for the hex conversion. # map returns an iterator in Python 3.0 and a list in 2.x minver = list(map(int, '3.0'.split('.'))) + [0, 0, 0] minverhex = 0 # xrange is not present in Python 3.0 and range returns an iterator for i in list(range(0, 4)): minverhex = (minverhex << 8) + minver[i] sys.exit(sys.hexversion < minverhex)
configure:17367: $? = 0
configure:17373: result: python3
configure:17381: checking for python3
configure:17399: found /usr/bin/python3
configure:17411: result: /usr/bin/python3
configure:17429: checking for python3 version
configure:17436: result: 3.6
configure:17448: checking for python3 platform
configure:17455: result: linux
configure:17481: checking for python3 script directory
configure:17516: result: ${prefix}/lib/python3.6/site-packages
configure:17525: checking for python3 extension module directory
configure:17560: result: ${exec_prefix}/lib/python3.6/site-packages
configure:17758: checking whether gcc is Clang
configure:17783: result: no
configure:17906: checking whether pthreads work with -pthread
configure:18000: gcc -o conftest -g -O2 -pthread   conftest.c   >&5
configure:18000: $? = 0
configure:18009: result: yes
configure:18028: checking for joinable pthread attribute
configure:18046: gcc -o conftest -g -O2 -pthread   conftest.c   >&5
configure:18046: $? = 0
configure:18054: result: PTHREAD_CREATE_JOINABLE
configure:18068: checking whether more special flags are required for pthreads
configure:18081: result: no
configure:18089: checking for PTHREAD_PRIO_INHERIT
configure:18105: gcc -o conftest -g -O2 -pthread   conftest.c   >&5
configure:18105: $? = 0
configure:18114: result: yes
configure:18354: checking for boostlib >= 1.58.0 (105800)
configure:18386: g++ -c   -I/usr/include conftest.cpp >&5
configure:18386: $? = 0
configure:18388: result: yes
configure:18583: checking whether the Boost::Filesystem library is available
configure:18607: g++ -c   -I/usr/include conftest.cpp >&5
configure:18607: $? = 0
configure:18621: result: yes
configure:18632: checking for exit in -lboost_filesystem
configure:18657: gcc -o conftest -g -O2  -I/usr/include  -L/usr/lib/x86_64-linux-gnu conftest.c -lboost_filesystem    >&5
conftest.c:35:6: warning: conflicting types for built-in function 'exit' [-Wbuiltin-declaration-mismatch]
 char exit ();
      ^~~~
configure:18657: $? = 0
configure:18667: result: yes
configure:18819: checking whether the Boost::System library is available
configure:18844: g++ -c   -I/usr/include conftest.cpp >&5
configure:18844: $? = 0
configure:18859: result: yes
configure:18874: checking for exit in -lboost_system
configure:18899: gcc -o conftest -g -O2  -I/usr/include  -L/usr/lib/x86_64-linux-gnu conftest.c -lboost_system   >&5
conftest.c:36:6: warning: conflicting types for built-in function 'exit' [-Wbuiltin-declaration-mismatch]
 char exit ();
      ^~~~
configure:18899: $? = 0
configure:18909: result: yes
configure:19060: checking whether the Boost::Regex library is available
configure:19083: g++ -c   -I/usr/include conftest.cpp >&5
configure:19083: $? = 0
configure:19097: result: yes
configure:19108: checking for exit in -lboost_regex
configure:19133: gcc -o conftest -g -O2  -I/usr/include  -L/usr/lib/x86_64-linux-gnu conftest.c -lboost_regex   >&5
conftest.c:37:6: warning: conflicting types for built-in function 'exit' [-Wbuiltin-declaration-mismatch]
 char exit ();
      ^~~~
configure:19133: $? = 0
configure:19143: result: yes
configure:19286: checking whether the Boost::Program_Options library is available
configure:19310: g++ -c   -I/usr/include conftest.cpp >&5
configure:19310: $? = 0
configure:19324: result: yes
configure:19335: checking for exit in -lboost_program_options
configure:19360: gcc -o conftest -g -O2  -I/usr/include  -L/usr/lib/x86_64-linux-gnu conftest.c -lboost_program_options   >&5
conftest.c:38:6: warning: conflicting types for built-in function 'exit' [-Wbuiltin-declaration-mismatch]
 char exit ();
      ^~~~
configure:19360: $? = 0
configure:19370: result: yes
configure:19512: checking whether the Boost::IOStreams library is available
configure:19540: g++ -c   -I/usr/include conftest.cpp >&5
configure:19540: $? = 0
configure:19554: result: yes
configure:19565: checking for exit in -lboost_iostreams
configure:19590: gcc -o conftest -g -O2  -I/usr/include  -L/usr/lib/x86_64-linux-gnu conftest.c -lboost_iostreams   >&5
conftest.c:39:6: warning: conflicting types for built-in function 'exit' [-Wbuiltin-declaration-mismatch]
 char exit ();
      ^~~~
configure:19590: $? = 0
configure:19600: result: yes
configure:19744: checking whether the Boost::Thread library is available
configure:19777: g++ -c -pthread   -I/usr/include conftest.cpp >&5
configure:19777: $? = 0
configure:19792: result: yes
configure:19821: checking for exit in -lboost_thread
configure:19846: gcc -o conftest -g -O2  -I/usr/include  -L/usr/lib/x86_64-linux-gnu conftest.c -lboost_thread   >&5
conftest.c:40:6: warning: conflicting types for built-in function 'exit' [-Wbuiltin-declaration-mismatch]
 char exit ();
      ^~~~
configure:19846: $? = 0
configure:19856: result: yes
configure:19996: checking for adler32 in -lz
configure:20021: gcc -o conftest -g -O2   conftest.c -lz   >&5
configure:20021: $? = 0
configure:20030: result: yes
configure:20043: checking for main in -ljsoncpp
configure:20062: gcc -o conftest -g -O2   conftest.c -ljsoncpp  -lz  >&5
configure:20062: $? = 0
configure:20071: result: yes
configure:20089: checking arpa/inet.h usability
configure:20089: gcc -c -g -O2  conftest.c >&5
configure:20089: $? = 0
configure:20089: result: yes
configure:20089: checking arpa/inet.h presence
configure:20089: gcc -E  conftest.c
configure:20089: $? = 0
configure:20089: result: yes
configure:20089: checking for arpa/inet.h
configure:20089: result: yes
configure:20089: checking fcntl.h usability
configure:20089: gcc -c -g -O2  conftest.c >&5
configure:20089: $? = 0
configure:20089: result: yes
configure:20089: checking fcntl.h presence
configure:20089: gcc -E  conftest.c
configure:20089: $? = 0
configure:20089: result: yes
configure:20089: checking for fcntl.h
configure:20089: result: yes
configure:20089: checking for inttypes.h
configure:20089: result: yes
configure:20089: checking for memory.h
configure:20089: result: yes
configure:20089: checking netinet/in.h usability
configure:20089: gcc -c -g -O2  conftest.c >&5
configure:20089: $? = 0
configure:20089: result: yes
configure:20089: checking netinet/in.h presence
configure:20089: gcc -E  conftest.c
configure:20089: $? = 0
configure:20089: result: yes
configure:20089: checking for netinet/in.h
configure:20089: result: yes
configure:20089: checking stddef.h usability
configure:20089: gcc -c -g -O2  conftest.c >&5
configure:20089: $? = 0
configure:20089: result: yes
configure:20089: checking stddef.h presence
configure:20089: gcc -E  conftest.c
configure:20089: $? = 0
configure:20089: result: yes
configure:20089: checking for stddef.h
configure:20089: result: yes
configure:20089: checking for stdint.h
configure:20089: result: yes
configure:20089: checking for stdlib.h
configure:20089: result: yes
configure:20089: checking for string.h
configure:20089: result: yes
configure:20089: checking sys/time.h usability
configure:20089: gcc -c -g -O2  conftest.c >&5
configure:20089: $? = 0
configure:20089: result: yes
configure:20089: checking sys/time.h presence
configure:20089: gcc -E  conftest.c
configure:20089: $? = 0
configure:20089: result: yes
configure:20089: checking for sys/time.h
configure:20089: result: yes
configure:20089: checking for unistd.h
configure:20089: result: yes
configure:20101: checking for stdbool.h that conforms to C99
configure:20168: gcc -c -g -O2  conftest.c >&5
configure:20168: $? = 0
configure:20175: result: yes
configure:20177: checking for _Bool
configure:20177: gcc -c -g -O2  conftest.c >&5
configure:20177: $? = 0
configure:20177: gcc -c -g -O2  conftest.c >&5
conftest.c: In function 'main':
conftest.c:82:20: error: expected expression before ')' token
 if (sizeof ((_Bool)))
                    ^
configure:20177: $? = 1
configure: failed program was:
| /* confdefs.h */
| #define PACKAGE_NAME "credex"
| #define PACKAGE_TARNAME "credex"
| #define PACKAGE_VERSION "0.1.0"
| #define PACKAGE_STRING "credex 0.1.0"
| #define PACKAGE_BUGREPORT "yannis@di.uoa.gr"
| #define PACKAGE_URL ""
| #define PACKAGE "credex"
| #define VERSION "0.1.0"
| #define STDC_HEADERS 1
| #define HAVE_SYS_TYPES_H 1
| #define HAVE_SYS_STAT_H 1
| #define HAVE_STDLIB_H 1
| #define HAVE_STRING_H 1
| #define HAVE_MEMORY_H 1
| #define HAVE_STRINGS_H 1
| #define HAVE_INTTYPES_H 1
| #define HAVE_STDINT_H 1
| #define HAVE_UNISTD_H 1
| #define HAVE_DLFCN_H 1
| #define LT_OBJDIR ".libs/"
| #define WITH_ANDROID_BUILD_TOOLS "/home/lydia/Android/Sdk/build-tools/28.0.2"
| #define HAVE_PTHREAD_PRIO_INHERIT 1
| #define HAVE_PTHREAD 1
| #define HAVE_BOOST /**/
| #define HAVE_BOOST_FILESYSTEM /**/
| #define HAVE_BOOST_SYSTEM /**/
| #define HAVE_BOOST_REGEX /**/
| #define HAVE_BOOST_PROGRAM_OPTIONS /**/
| #define HAVE_BOOST_IOSTREAMS /**/
| #define HAVE_BOOST_THREAD /**/
| #define HAVE_LIBZ 1
| #define HAVE_LIBJSONCPP 1
| #define HAVE_ARPA_INET_H 1
| #define HAVE_FCNTL_H 1
| #define HAVE_INTTYPES_H 1
| #define HAVE_MEMORY_H 1
| #define HAVE_NETINET_IN_H 1
| #define HAVE_STDDEF_H 1
| #define HAVE_STDINT_H 1
| #define HAVE_STDLIB_H 1
| #define HAVE_STRING_H 1
| #define HAVE_SYS_TIME_H 1
| #define HAVE_UNISTD_H 1
| /* end confdefs.h.  */
| #include <stdio.h>
| #ifdef HAVE_SYS_TYPES_H
| # include <sys/types.h>
| #endif
| #ifdef HAVE_SYS_STAT_H
| # include <sys/stat.h>
| #endif
| #ifdef STDC_HEADERS
| # include <stdlib.h>
| # include <stddef.h>
| #else
| # ifdef HAVE_STDLIB_H
| #  include <stdlib.h>
| # endif
| #endif
| #ifdef HAVE_STRING_H
| # if !defined STDC_HEADERS && defined HAVE_MEMORY_H
| #  include <memory.h>
| # endif
| # include <string.h>
| #endif
| #ifdef HAVE_STRINGS_H
| # include <strings.h>
| #endif
| #ifdef HAVE_INTTYPES_H
| # include <inttypes.h>
| #endif
| #ifdef HAVE_STDINT_H
| # include <stdint.h>
| #endif
| #ifdef HAVE_UNISTD_H
| # include <unistd.h>
| #endif
| int
| main ()
| {
| if (sizeof ((_Bool)))
| 	    return 0;
|   ;
|   return 0;
| }
configure:20177: result: yes
configure:20188: checking for inline
configure:20204: gcc -c -g -O2  conftest.c >&5
configure:20204: $? = 0
configure:20212: result: inline
configure:20230: checking for int16_t
configure:20230: gcc -c -g -O2  conftest.c >&5
configure:20230: $? = 0
configure:20230: gcc -c -g -O2  conftest.c >&5
conftest.c: In function 'main':
conftest.c:84:12: error: size of array 'test_array' is negative
 static int test_array [1 - 2 * !((int16_t) (((((int16_t) 1 << N) << N) - 1) * 2 + 1)
            ^~~~~~~~~~
configure:20230: $? = 1
configure: failed program was:
| /* confdefs.h */
| #define PACKAGE_NAME "credex"
| #define PACKAGE_TARNAME "credex"
| #define PACKAGE_VERSION "0.1.0"
| #define PACKAGE_STRING "credex 0.1.0"
| #define PACKAGE_BUGREPORT "yannis@di.uoa.gr"
| #define PACKAGE_URL ""
| #define PACKAGE "credex"
| #define VERSION "0.1.0"
| #define STDC_HEADERS 1
| #define HAVE_SYS_TYPES_H 1
| #define HAVE_SYS_STAT_H 1
| #define HAVE_STDLIB_H 1
| #define HAVE_STRING_H 1
| #define HAVE_MEMORY_H 1
| #define HAVE_STRINGS_H 1
| #define HAVE_INTTYPES_H 1
| #define HAVE_STDINT_H 1
| #define HAVE_UNISTD_H 1
| #define HAVE_DLFCN_H 1
| #define LT_OBJDIR ".libs/"
| #define WITH_ANDROID_BUILD_TOOLS "/home/lydia/Android/Sdk/build-tools/28.0.2"
| #define HAVE_PTHREAD_PRIO_INHERIT 1
| #define HAVE_PTHREAD 1
| #define HAVE_BOOST /**/
| #define HAVE_BOOST_FILESYSTEM /**/
| #define HAVE_BOOST_SYSTEM /**/
| #define HAVE_BOOST_REGEX /**/
| #define HAVE_BOOST_PROGRAM_OPTIONS /**/
| #define HAVE_BOOST_IOSTREAMS /**/
| #define HAVE_BOOST_THREAD /**/
| #define HAVE_LIBZ 1
| #define HAVE_LIBJSONCPP 1
| #define HAVE_ARPA_INET_H 1
| #define HAVE_FCNTL_H 1
| #define HAVE_INTTYPES_H 1
| #define HAVE_MEMORY_H 1
| #define HAVE_NETINET_IN_H 1
| #define HAVE_STDDEF_H 1
| #define HAVE_STDINT_H 1
| #define HAVE_STDLIB_H 1
| #define HAVE_STRING_H 1
| #define HAVE_SYS_TIME_H 1
| #define HAVE_UNISTD_H 1
| #define HAVE__BOOL 1
| /* end confdefs.h.  */
| #include <stdio.h>
| #ifdef HAVE_SYS_TYPES_H
| # include <sys/types.h>
| #endif
| #ifdef HAVE_SYS_STAT_H
| # include <sys/stat.h>
| #endif
| #ifdef STDC_HEADERS
| # include <stdlib.h>
| # include <stddef.h>
| #else
| # ifdef HAVE_STDLIB_H
| #  include <stdlib.h>
| # endif
| #endif
| #ifdef HAVE_STRING_H
| # if !defined STDC_HEADERS && defined HAVE_MEMORY_H
| #  include <memory.h>
| # endif
| # include <string.h>
| #endif
| #ifdef HAVE_STRINGS_H
| # include <strings.h>
| #endif
| #ifdef HAVE_INTTYPES_H
| # include <inttypes.h>
| #endif
| #ifdef HAVE_STDINT_H
| # include <stdint.h>
| #endif
| #ifdef HAVE_UNISTD_H
| # include <unistd.h>
| #endif
| 	        enum { N = 16 / 2 - 1 };
| int
| main ()
| {
| static int test_array [1 - 2 * !((int16_t) (((((int16_t) 1 << N) << N) - 1) * 2 + 1)
| 		 < (int16_t) (((((int16_t) 1 << N) << N) - 1) * 2 + 2))];
| test_array [0] = 0;
| return test_array [0];
| 
|   ;
|   return 0;
| }
configure:20230: result: yes
configure:20241: checking for int32_t
configure:20241: gcc -c -g -O2  conftest.c >&5
configure:20241: $? = 0
configure:20241: gcc -c -g -O2  conftest.c >&5
conftest.c: In function 'main':
conftest.c:85:53: warning: integer overflow in expression [-Woverflow]
    < (int32_t) (((((int32_t) 1 << N) << N) - 1) * 2 + 2))];
                                                     ^
conftest.c:84:12: error: storage size of 'test_array' isn't constant
 static int test_array [1 - 2 * !((int32_t) (((((int32_t) 1 << N) << N) - 1) * 2 + 1)
            ^~~~~~~~~~
configure:20241: $? = 1
configure: failed program was:
| /* confdefs.h */
| #define PACKAGE_NAME "credex"
| #define PACKAGE_TARNAME "credex"
| #define PACKAGE_VERSION "0.1.0"
| #define PACKAGE_STRING "credex 0.1.0"
| #define PACKAGE_BUGREPORT "yannis@di.uoa.gr"
| #define PACKAGE_URL ""
| #define PACKAGE "credex"
| #define VERSION "0.1.0"
| #define STDC_HEADERS 1
| #define HAVE_SYS_TYPES_H 1
| #define HAVE_SYS_STAT_H 1
| #define HAVE_STDLIB_H 1
| #define HAVE_STRING_H 1
| #define HAVE_MEMORY_H 1
| #define HAVE_STRINGS_H 1
| #define HAVE_INTTYPES_H 1
| #define HAVE_STDINT_H 1
| #define HAVE_UNISTD_H 1
| #define HAVE_DLFCN_H 1
| #define LT_OBJDIR ".libs/"
| #define WITH_ANDROID_BUILD_TOOLS "/home/lydia/Android/Sdk/build-tools/28.0.2"
| #define HAVE_PTHREAD_PRIO_INHERIT 1
| #define HAVE_PTHREAD 1
| #define HAVE_BOOST /**/
| #define HAVE_BOOST_FILESYSTEM /**/
| #define HAVE_BOOST_SYSTEM /**/
| #define HAVE_BOOST_REGEX /**/
| #define HAVE_BOOST_PROGRAM_OPTIONS /**/
| #define HAVE_BOOST_IOSTREAMS /**/
| #define HAVE_BOOST_THREAD /**/
| #define HAVE_LIBZ 1
| #define HAVE_LIBJSONCPP 1
| #define HAVE_ARPA_INET_H 1
| #define HAVE_FCNTL_H 1
| #define HAVE_INTTYPES_H 1
| #define HAVE_MEMORY_H 1
| #define HAVE_NETINET_IN_H 1
| #define HAVE_STDDEF_H 1
| #define HAVE_STDINT_H 1
| #define HAVE_STDLIB_H 1
| #define HAVE_STRING_H 1
| #define HAVE_SYS_TIME_H 1
| #define HAVE_UNISTD_H 1
| #define HAVE__BOOL 1
| /* end confdefs.h.  */
| #include <stdio.h>
| #ifdef HAVE_SYS_TYPES_H
| # include <sys/types.h>
| #endif
| #ifdef HAVE_SYS_STAT_H
| # include <sys/stat.h>
| #endif
| #ifdef STDC_HEADERS
| # include <stdlib.h>
| # include <stddef.h>
| #else
| # ifdef HAVE_STDLIB_H
| #  include <stdlib.h>
| # endif
| #endif
| #ifdef HAVE_STRING_H
| # if !defined STDC_HEADERS && defined HAVE_MEMORY_H
| #  include <memory.h>
| # endif
| # include <string.h>
| #endif
| #ifdef HAVE_STRINGS_H
| # include <strings.h>
| #endif
| #ifdef HAVE_INTTYPES_H
| # include <inttypes.h>
| #endif
| #ifdef HAVE_STDINT_H
| # include <stdint.h>
| #endif
| #ifdef HAVE_UNISTD_H
| # include <unistd.h>
| #endif
| 	        enum { N = 32 / 2 - 1 };
| int
| main ()
| {
| static int test_array [1 - 2 * !((int32_t) (((((int32_t) 1 << N) << N) - 1) * 2 + 1)
| 		 < (int32_t) (((((int32_t) 1 << N) << N) - 1) * 2 + 2))];
| test_array [0] = 0;
| return test_array [0];
| 
|   ;
|   return 0;
| }
configure:20241: result: yes
configure:20252: checking for int64_t
configure:20252: gcc -c -g -O2  conftest.c >&5
configure:20252: $? = 0
configure:20252: gcc -c -g -O2  conftest.c >&5
conftest.c: In function 'main':
conftest.c:85:53: warning: integer overflow in expression [-Woverflow]
    < (int64_t) (((((int64_t) 1 << N) << N) - 1) * 2 + 2))];
                                                     ^
conftest.c:84:12: error: storage size of 'test_array' isn't constant
 static int test_array [1 - 2 * !((int64_t) (((((int64_t) 1 << N) << N) - 1) * 2 + 1)
            ^~~~~~~~~~
configure:20252: $? = 1
configure: failed program was:
| /* confdefs.h */
| #define PACKAGE_NAME "credex"
| #define PACKAGE_TARNAME "credex"
| #define PACKAGE_VERSION "0.1.0"
| #define PACKAGE_STRING "credex 0.1.0"
| #define PACKAGE_BUGREPORT "yannis@di.uoa.gr"
| #define PACKAGE_URL ""
| #define PACKAGE "credex"
| #define VERSION "0.1.0"
| #define STDC_HEADERS 1
| #define HAVE_SYS_TYPES_H 1
| #define HAVE_SYS_STAT_H 1
| #define HAVE_STDLIB_H 1
| #define HAVE_STRING_H 1
| #define HAVE_MEMORY_H 1
| #define HAVE_STRINGS_H 1
| #define HAVE_INTTYPES_H 1
| #define HAVE_STDINT_H 1
| #define HAVE_UNISTD_H 1
| #define HAVE_DLFCN_H 1
| #define LT_OBJDIR ".libs/"
| #define WITH_ANDROID_BUILD_TOOLS "/home/lydia/Android/Sdk/build-tools/28.0.2"
| #define HAVE_PTHREAD_PRIO_INHERIT 1
| #define HAVE_PTHREAD 1
| #define HAVE_BOOST /**/
| #define HAVE_BOOST_FILESYSTEM /**/
| #define HAVE_BOOST_SYSTEM /**/
| #define HAVE_BOOST_REGEX /**/
| #define HAVE_BOOST_PROGRAM_OPTIONS /**/
| #define HAVE_BOOST_IOSTREAMS /**/
| #define HAVE_BOOST_THREAD /**/
| #define HAVE_LIBZ 1
| #define HAVE_LIBJSONCPP 1
| #define HAVE_ARPA_INET_H 1
| #define HAVE_FCNTL_H 1
| #define HAVE_INTTYPES_H 1
| #define HAVE_MEMORY_H 1
| #define HAVE_NETINET_IN_H 1
| #define HAVE_STDDEF_H 1
| #define HAVE_STDINT_H 1
| #define HAVE_STDLIB_H 1
| #define HAVE_STRING_H 1
| #define HAVE_SYS_TIME_H 1
| #define HAVE_UNISTD_H 1
| #define HAVE__BOOL 1
| /* end confdefs.h.  */
| #include <stdio.h>
| #ifdef HAVE_SYS_TYPES_H
| # include <sys/types.h>
| #endif
| #ifdef HAVE_SYS_STAT_H
| # include <sys/stat.h>
| #endif
| #ifdef STDC_HEADERS
| # include <stdlib.h>
| # include <stddef.h>
| #else
| # ifdef HAVE_STDLIB_H
| #  include <stdlib.h>
| # endif
| #endif
| #ifdef HAVE_STRING_H
| # if !defined STDC_HEADERS && defined HAVE_MEMORY_H
| #  include <memory.h>
| # endif
| # include <string.h>
| #endif
| #ifdef HAVE_STRINGS_H
| # include <strings.h>
| #endif
| #ifdef HAVE_INTTYPES_H
| # include <inttypes.h>
| #endif
| #ifdef HAVE_STDINT_H
| # include <stdint.h>
| #endif
| #ifdef HAVE_UNISTD_H
| # include <unistd.h>
| #endif
| 	        enum { N = 64 / 2 - 1 };
| int
| main ()
| {
| static int test_array [1 - 2 * !((int64_t) (((((int64_t) 1 << N) << N) - 1) * 2 + 1)
| 		 < (int64_t) (((((int64_t) 1 << N) << N) - 1) * 2 + 2))];
| test_array [0] = 0;
| return test_array [0];
| 
|   ;
|   return 0;
| }
configure:20252: result: yes
configure:20263: checking for int8_t
configure:20263: gcc -c -g -O2  conftest.c >&5
configure:20263: $? = 0
configure:20263: gcc -c -g -O2  conftest.c >&5
conftest.c: In function 'main':
conftest.c:84:12: error: size of array 'test_array' is negative
 static int test_array [1 - 2 * !((int8_t) (((((int8_t) 1 << N) << N) - 1) * 2 + 1)
            ^~~~~~~~~~
configure:20263: $? = 1
configure: failed program was:
| /* confdefs.h */
| #define PACKAGE_NAME "credex"
| #define PACKAGE_TARNAME "credex"
| #define PACKAGE_VERSION "0.1.0"
| #define PACKAGE_STRING "credex 0.1.0"
| #define PACKAGE_BUGREPORT "yannis@di.uoa.gr"
| #define PACKAGE_URL ""
| #define PACKAGE "credex"
| #define VERSION "0.1.0"
| #define STDC_HEADERS 1
| #define HAVE_SYS_TYPES_H 1
| #define HAVE_SYS_STAT_H 1
| #define HAVE_STDLIB_H 1
| #define HAVE_STRING_H 1
| #define HAVE_MEMORY_H 1
| #define HAVE_STRINGS_H 1
| #define HAVE_INTTYPES_H 1
| #define HAVE_STDINT_H 1
| #define HAVE_UNISTD_H 1
| #define HAVE_DLFCN_H 1
| #define LT_OBJDIR ".libs/"
| #define WITH_ANDROID_BUILD_TOOLS "/home/lydia/Android/Sdk/build-tools/28.0.2"
| #define HAVE_PTHREAD_PRIO_INHERIT 1
| #define HAVE_PTHREAD 1
| #define HAVE_BOOST /**/
| #define HAVE_BOOST_FILESYSTEM /**/
| #define HAVE_BOOST_SYSTEM /**/
| #define HAVE_BOOST_REGEX /**/
| #define HAVE_BOOST_PROGRAM_OPTIONS /**/
| #define HAVE_BOOST_IOSTREAMS /**/
| #define HAVE_BOOST_THREAD /**/
| #define HAVE_LIBZ 1
| #define HAVE_LIBJSONCPP 1
| #define HAVE_ARPA_INET_H 1
| #define HAVE_FCNTL_H 1
| #define HAVE_INTTYPES_H 1
| #define HAVE_MEMORY_H 1
| #define HAVE_NETINET_IN_H 1
| #define HAVE_STDDEF_H 1
| #define HAVE_STDINT_H 1
| #define HAVE_STDLIB_H 1
| #define HAVE_STRING_H 1
| #define HAVE_SYS_TIME_H 1
| #define HAVE_UNISTD_H 1
| #define HAVE__BOOL 1
| /* end confdefs.h.  */
| #include <stdio.h>
| #ifdef HAVE_SYS_TYPES_H
| # include <sys/types.h>
| #endif
| #ifdef HAVE_SYS_STAT_H
| # include <sys/stat.h>
| #endif
| #ifdef STDC_HEADERS
| # include <stdlib.h>
| # include <stddef.h>
| #else
| # ifdef HAVE_STDLIB_H
| #  include <stdlib.h>
| # endif
| #endif
| #ifdef HAVE_STRING_H
| # if !defined STDC_HEADERS && defined HAVE_MEMORY_H
| #  include <memory.h>
| # endif
| # include <string.h>
| #endif
| #ifdef HAVE_STRINGS_H
| # include <strings.h>
| #endif
| #ifdef HAVE_INTTYPES_H
| # include <inttypes.h>
| #endif
| #ifdef HAVE_STDINT_H
| # include <stdint.h>
| #endif
| #ifdef HAVE_UNISTD_H
| # include <unistd.h>
| #endif
| 	        enum { N = 8 / 2 - 1 };
| int
| main ()
| {
| static int test_array [1 - 2 * !((int8_t) (((((int8_t) 1 << N) << N) - 1) * 2 + 1)
| 		 < (int8_t) (((((int8_t) 1 << N) << N) - 1) * 2 + 2))];
| test_array [0] = 0;
| return test_array [0];
| 
|   ;
|   return 0;
| }
configure:20263: result: yes
configure:20274: checking for off_t
configure:20274: gcc -c -g -O2  conftest.c >&5
configure:20274: $? = 0
configure:20274: gcc -c -g -O2  conftest.c >&5
conftest.c: In function 'main':
conftest.c:83:20: error: expected expression before ')' token
 if (sizeof ((off_t)))
                    ^
configure:20274: $? = 1
configure: failed program was:
| /* confdefs.h */
| #define PACKAGE_NAME "credex"
| #define PACKAGE_TARNAME "credex"
| #define PACKAGE_VERSION "0.1.0"
| #define PACKAGE_STRING "credex 0.1.0"
| #define PACKAGE_BUGREPORT "yannis@di.uoa.gr"
| #define PACKAGE_URL ""
| #define PACKAGE "credex"
| #define VERSION "0.1.0"
| #define STDC_HEADERS 1
| #define HAVE_SYS_TYPES_H 1
| #define HAVE_SYS_STAT_H 1
| #define HAVE_STDLIB_H 1
| #define HAVE_STRING_H 1
| #define HAVE_MEMORY_H 1
| #define HAVE_STRINGS_H 1
| #define HAVE_INTTYPES_H 1
| #define HAVE_STDINT_H 1
| #define HAVE_UNISTD_H 1
| #define HAVE_DLFCN_H 1
| #define LT_OBJDIR ".libs/"
| #define WITH_ANDROID_BUILD_TOOLS "/home/lydia/Android/Sdk/build-tools/28.0.2"
| #define HAVE_PTHREAD_PRIO_INHERIT 1
| #define HAVE_PTHREAD 1
| #define HAVE_BOOST /**/
| #define HAVE_BOOST_FILESYSTEM /**/
| #define HAVE_BOOST_SYSTEM /**/
| #define HAVE_BOOST_REGEX /**/
| #define HAVE_BOOST_PROGRAM_OPTIONS /**/
| #define HAVE_BOOST_IOSTREAMS /**/
| #define HAVE_BOOST_THREAD /**/
| #define HAVE_LIBZ 1
| #define HAVE_LIBJSONCPP 1
| #define HAVE_ARPA_INET_H 1
| #define HAVE_FCNTL_H 1
| #define HAVE_INTTYPES_H 1
| #define HAVE_MEMORY_H 1
| #define HAVE_NETINET_IN_H 1
| #define HAVE_STDDEF_H 1
| #define HAVE_STDINT_H 1
| #define HAVE_STDLIB_H 1
| #define HAVE_STRING_H 1
| #define HAVE_SYS_TIME_H 1
| #define HAVE_UNISTD_H 1
| #define HAVE__BOOL 1
| /* end confdefs.h.  */
| #include <stdio.h>
| #ifdef HAVE_SYS_TYPES_H
| # include <sys/types.h>
| #endif
| #ifdef HAVE_SYS_STAT_H
| # include <sys/stat.h>
| #endif
| #ifdef STDC_HEADERS
| # include <stdlib.h>
| # include <stddef.h>
| #else
| # ifdef HAVE_STDLIB_H
| #  include <stdlib.h>
| # endif
| #endif
| #ifdef HAVE_STRING_H
| # if !defined STDC_HEADERS && defined HAVE_MEMORY_H
| #  include <memory.h>
| # endif
| # include <string.h>
| #endif
| #ifdef HAVE_STRINGS_H
| # include <strings.h>
| #endif
| #ifdef HAVE_INTTYPES_H
| # include <inttypes.h>
| #endif
| #ifdef HAVE_STDINT_H
| # include <stdint.h>
| #endif
| #ifdef HAVE_UNISTD_H
| # include <unistd.h>
| #endif
| int
| main ()
| {
| if (sizeof ((off_t)))
| 	    return 0;
|   ;
|   return 0;
| }
configure:20274: result: yes
configure:20285: checking for pid_t
configure:20285: gcc -c -g -O2  conftest.c >&5
configure:20285: $? = 0
configure:20285: gcc -c -g -O2  conftest.c >&5
conftest.c: In function 'main':
conftest.c:83:20: error: expected expression before ')' token
 if (sizeof ((pid_t)))
                    ^
configure:20285: $? = 1
configure: failed program was:
| /* confdefs.h */
| #define PACKAGE_NAME "credex"
| #define PACKAGE_TARNAME "credex"
| #define PACKAGE_VERSION "0.1.0"
| #define PACKAGE_STRING "credex 0.1.0"
| #define PACKAGE_BUGREPORT "yannis@di.uoa.gr"
| #define PACKAGE_URL ""
| #define PACKAGE "credex"
| #define VERSION "0.1.0"
| #define STDC_HEADERS 1
| #define HAVE_SYS_TYPES_H 1
| #define HAVE_SYS_STAT_H 1
| #define HAVE_STDLIB_H 1
| #define HAVE_STRING_H 1
| #define HAVE_MEMORY_H 1
| #define HAVE_STRINGS_H 1
| #define HAVE_INTTYPES_H 1
| #define HAVE_STDINT_H 1
| #define HAVE_UNISTD_H 1
| #define HAVE_DLFCN_H 1
| #define LT_OBJDIR ".libs/"
| #define WITH_ANDROID_BUILD_TOOLS "/home/lydia/Android/Sdk/build-tools/28.0.2"
| #define HAVE_PTHREAD_PRIO_INHERIT 1
| #define HAVE_PTHREAD 1
| #define HAVE_BOOST /**/
| #define HAVE_BOOST_FILESYSTEM /**/
| #define HAVE_BOOST_SYSTEM /**/
| #define HAVE_BOOST_REGEX /**/
| #define HAVE_BOOST_PROGRAM_OPTIONS /**/
| #define HAVE_BOOST_IOSTREAMS /**/
| #define HAVE_BOOST_THREAD /**/
| #define HAVE_LIBZ 1
| #define HAVE_LIBJSONCPP 1
| #define HAVE_ARPA_INET_H 1
| #define HAVE_FCNTL_H 1
| #define HAVE_INTTYPES_H 1
| #define HAVE_MEMORY_H 1
| #define HAVE_NETINET_IN_H 1
| #define HAVE_STDDEF_H 1
| #define HAVE_STDINT_H 1
| #define HAVE_STDLIB_H 1
| #define HAVE_STRING_H 1
| #define HAVE_SYS_TIME_H 1
| #define HAVE_UNISTD_H 1
| #define HAVE__BOOL 1
| /* end confdefs.h.  */
| #include <stdio.h>
| #ifdef HAVE_SYS_TYPES_H
| # include <sys/types.h>
| #endif
| #ifdef HAVE_SYS_STAT_H
| # include <sys/stat.h>
| #endif
| #ifdef STDC_HEADERS
| # include <stdlib.h>
| # include <stddef.h>
| #else
| # ifdef HAVE_STDLIB_H
| #  include <stdlib.h>
| # endif
| #endif
| #ifdef HAVE_STRING_H
| # if !defined STDC_HEADERS && defined HAVE_MEMORY_H
| #  include <memory.h>
| # endif
| # include <string.h>
| #endif
| #ifdef HAVE_STRINGS_H
| # include <strings.h>
| #endif
| #ifdef HAVE_INTTYPES_H
| # include <inttypes.h>
| #endif
| #ifdef HAVE_STDINT_H
| # include <stdint.h>
| #endif
| #ifdef HAVE_UNISTD_H
| # include <unistd.h>
| #endif
| int
| main ()
| {
| if (sizeof ((pid_t)))
| 	    return 0;
|   ;
|   return 0;
| }
configure:20285: result: yes
configure:20296: checking for size_t
configure:20296: gcc -c -g -O2  conftest.c >&5
configure:20296: $? = 0
configure:20296: gcc -c -g -O2  conftest.c >&5
conftest.c: In function 'main':
conftest.c:83:21: error: expected expression before ')' token
 if (sizeof ((size_t)))
                     ^
configure:20296: $? = 1
configure: failed program was:
| /* confdefs.h */
| #define PACKAGE_NAME "credex"
| #define PACKAGE_TARNAME "credex"
| #define PACKAGE_VERSION "0.1.0"
| #define PACKAGE_STRING "credex 0.1.0"
| #define PACKAGE_BUGREPORT "yannis@di.uoa.gr"
| #define PACKAGE_URL ""
| #define PACKAGE "credex"
| #define VERSION "0.1.0"
| #define STDC_HEADERS 1
| #define HAVE_SYS_TYPES_H 1
| #define HAVE_SYS_STAT_H 1
| #define HAVE_STDLIB_H 1
| #define HAVE_STRING_H 1
| #define HAVE_MEMORY_H 1
| #define HAVE_STRINGS_H 1
| #define HAVE_INTTYPES_H 1
| #define HAVE_STDINT_H 1
| #define HAVE_UNISTD_H 1
| #define HAVE_DLFCN_H 1
| #define LT_OBJDIR ".libs/"
| #define WITH_ANDROID_BUILD_TOOLS "/home/lydia/Android/Sdk/build-tools/28.0.2"
| #define HAVE_PTHREAD_PRIO_INHERIT 1
| #define HAVE_PTHREAD 1
| #define HAVE_BOOST /**/
| #define HAVE_BOOST_FILESYSTEM /**/
| #define HAVE_BOOST_SYSTEM /**/
| #define HAVE_BOOST_REGEX /**/
| #define HAVE_BOOST_PROGRAM_OPTIONS /**/
| #define HAVE_BOOST_IOSTREAMS /**/
| #define HAVE_BOOST_THREAD /**/
| #define HAVE_LIBZ 1
| #define HAVE_LIBJSONCPP 1
| #define HAVE_ARPA_INET_H 1
| #define HAVE_FCNTL_H 1
| #define HAVE_INTTYPES_H 1
| #define HAVE_MEMORY_H 1
| #define HAVE_NETINET_IN_H 1
| #define HAVE_STDDEF_H 1
| #define HAVE_STDINT_H 1
| #define HAVE_STDLIB_H 1
| #define HAVE_STRING_H 1
| #define HAVE_SYS_TIME_H 1
| #define HAVE_UNISTD_H 1
| #define HAVE__BOOL 1
| /* end confdefs.h.  */
| #include <stdio.h>
| #ifdef HAVE_SYS_TYPES_H
| # include <sys/types.h>
| #endif
| #ifdef HAVE_SYS_STAT_H
| # include <sys/stat.h>
| #endif
| #ifdef STDC_HEADERS
| # include <stdlib.h>
| # include <stddef.h>
| #else
| # ifdef HAVE_STDLIB_H
| #  include <stdlib.h>
| # endif
| #endif
| #ifdef HAVE_STRING_H
| # if !defined STDC_HEADERS && defined HAVE_MEMORY_H
| #  include <memory.h>
| # endif
| # include <string.h>
| #endif
| #ifdef HAVE_STRINGS_H
| # include <strings.h>
| #endif
| #ifdef HAVE_INTTYPES_H
| # include <inttypes.h>
| #endif
| #ifdef HAVE_STDINT_H
| # include <stdint.h>
| #endif
| #ifdef HAVE_UNISTD_H
| # include <unistd.h>
| #endif
| int
| main ()
| {
| if (sizeof ((size_t)))
| 	    return 0;
|   ;
|   return 0;
| }
configure:20296: result: yes
configure:20307: checking for ssize_t
configure:20307: gcc -c -g -O2  conftest.c >&5
configure:20307: $? = 0
configure:20307: gcc -c -g -O2  conftest.c >&5
conftest.c: In function 'main':
conftest.c:83:22: error: expected expression before ')' token
 if (sizeof ((ssize_t)))
                      ^
configure:20307: $? = 1
configure: failed program was:
| /* confdefs.h */
| #define PACKAGE_NAME "credex"
| #define PACKAGE_TARNAME "credex"
| #define PACKAGE_VERSION "0.1.0"
| #define PACKAGE_STRING "credex 0.1.0"
| #define PACKAGE_BUGREPORT "yannis@di.uoa.gr"
| #define PACKAGE_URL ""
| #define PACKAGE "credex"
| #define VERSION "0.1.0"
| #define STDC_HEADERS 1
| #define HAVE_SYS_TYPES_H 1
| #define HAVE_SYS_STAT_H 1
| #define HAVE_STDLIB_H 1
| #define HAVE_STRING_H 1
| #define HAVE_MEMORY_H 1
| #define HAVE_STRINGS_H 1
| #define HAVE_INTTYPES_H 1
| #define HAVE_STDINT_H 1
| #define HAVE_UNISTD_H 1
| #define HAVE_DLFCN_H 1
| #define LT_OBJDIR ".libs/"
| #define WITH_ANDROID_BUILD_TOOLS "/home/lydia/Android/Sdk/build-tools/28.0.2"
| #define HAVE_PTHREAD_PRIO_INHERIT 1
| #define HAVE_PTHREAD 1
| #define HAVE_BOOST /**/
| #define HAVE_BOOST_FILESYSTEM /**/
| #define HAVE_BOOST_SYSTEM /**/
| #define HAVE_BOOST_REGEX /**/
| #define HAVE_BOOST_PROGRAM_OPTIONS /**/
| #define HAVE_BOOST_IOSTREAMS /**/
| #define HAVE_BOOST_THREAD /**/
| #define HAVE_LIBZ 1
| #define HAVE_LIBJSONCPP 1
| #define HAVE_ARPA_INET_H 1
| #define HAVE_FCNTL_H 1
| #define HAVE_INTTYPES_H 1
| #define HAVE_MEMORY_H 1
| #define HAVE_NETINET_IN_H 1
| #define HAVE_STDDEF_H 1
| #define HAVE_STDINT_H 1
| #define HAVE_STDLIB_H 1
| #define HAVE_STRING_H 1
| #define HAVE_SYS_TIME_H 1
| #define HAVE_UNISTD_H 1
| #define HAVE__BOOL 1
| /* end confdefs.h.  */
| #include <stdio.h>
| #ifdef HAVE_SYS_TYPES_H
| # include <sys/types.h>
| #endif
| #ifdef HAVE_SYS_STAT_H
| # include <sys/stat.h>
| #endif
| #ifdef STDC_HEADERS
| # include <stdlib.h>
| # include <stddef.h>
| #else
| # ifdef HAVE_STDLIB_H
| #  include <stdlib.h>
| # endif
| #endif
| #ifdef HAVE_STRING_H
| # if !defined STDC_HEADERS && defined HAVE_MEMORY_H
| #  include <memory.h>
| # endif
| # include <string.h>
| #endif
| #ifdef HAVE_STRINGS_H
| # include <strings.h>
| #endif
| #ifdef HAVE_INTTYPES_H
| # include <inttypes.h>
| #endif
| #ifdef HAVE_STDINT_H
| # include <stdint.h>
| #endif
| #ifdef HAVE_UNISTD_H
| # include <unistd.h>
| #endif
| int
| main ()
| {
| if (sizeof ((ssize_t)))
| 	    return 0;
|   ;
|   return 0;
| }
configure:20307: result: yes
configure:20318: checking for uint16_t
configure:20318: gcc -c -g -O2  conftest.c >&5
configure:20318: $? = 0
configure:20318: result: yes
configure:20330: checking for uint32_t
configure:20330: gcc -c -g -O2  conftest.c >&5
configure:20330: $? = 0
configure:20330: result: yes
configure:20344: checking for uint64_t
configure:20344: gcc -c -g -O2  conftest.c >&5
configure:20344: $? = 0
configure:20344: result: yes
configure:20358: checking for uint8_t
configure:20358: gcc -c -g -O2  conftest.c >&5
configure:20358: $? = 0
configure:20358: result: yes
configure:20376: checking for stdlib.h
configure:20376: result: yes
configure:20386: checking for GNU libc compatible malloc
configure:20410: gcc -o conftest -g -O2   conftest.c -ljsoncpp -lz  >&5
configure:20410: $? = 0
configure:20410: ./conftest
configure:20410: $? = 0
configure:20420: result: yes
configure:20447: checking for stdlib.h
configure:20447: result: yes
configure:20447: checking for unistd.h
configure:20447: result: yes
configure:20447: checking for sys/param.h
configure:20447: gcc -c -g -O2  conftest.c >&5
configure:20447: $? = 0
configure:20447: result: yes
configure:20467: checking for getpagesize
configure:20467: gcc -o conftest -g -O2   conftest.c -ljsoncpp -lz  >&5
configure:20467: $? = 0
configure:20467: result: yes
configure:20476: checking for working mmap
configure:20625: gcc -o conftest -g -O2   conftest.c -ljsoncpp -lz  >&5
configure:20625: $? = 0
configure:20625: ./conftest
configure:20625: $? = 0
configure:20635: result: yes
configure:20646: checking for stdlib.h
configure:20646: result: yes
configure:20656: checking for GNU libc compatible realloc
configure:20680: gcc -o conftest -g -O2   conftest.c -ljsoncpp -lz  >&5
configure:20680: $? = 0
configure:20680: ./conftest
configure:20680: $? = 0
configure:20690: result: yes
configure:20714: checking for clock_gettime
configure:20714: gcc -o conftest -g -O2   conftest.c -ljsoncpp -lz  >&5
configure:20714: $? = 0
configure:20714: result: yes
configure:20714: checking for gettimeofday
configure:20714: gcc -o conftest -g -O2   conftest.c -ljsoncpp -lz  >&5
configure:20714: $? = 0
configure:20714: result: yes
configure:20714: checking for memmove
configure:20714: gcc -o conftest -g -O2   conftest.c -ljsoncpp -lz  >&5
conftest.c:81:6: warning: conflicting types for built-in function 'memmove' [-Wbuiltin-declaration-mismatch]
 char memmove ();
      ^~~~~~~
configure:20714: $? = 0
configure:20714: result: yes
configure:20714: checking for memset
configure:20714: gcc -o conftest -g -O2   conftest.c -ljsoncpp -lz  >&5
conftest.c:82:6: warning: conflicting types for built-in function 'memset' [-Wbuiltin-declaration-mismatch]
 char memset ();
      ^~~~~~
configure:20714: $? = 0
configure:20714: result: yes
configure:20714: checking for munmap
configure:20714: gcc -o conftest -g -O2   conftest.c -ljsoncpp -lz  >&5
configure:20714: $? = 0
configure:20714: result: yes
configure:20714: checking for regcomp
configure:20714: gcc -o conftest -g -O2   conftest.c -ljsoncpp -lz  >&5
configure:20714: $? = 0
configure:20714: result: yes
configure:20714: checking for strchr
configure:20714: gcc -o conftest -g -O2   conftest.c -ljsoncpp -lz  >&5
conftest.c:85:6: warning: conflicting types for built-in function 'strchr' [-Wbuiltin-declaration-mismatch]
 char strchr ();
      ^~~~~~
configure:20714: $? = 0
configure:20714: result: yes
configure:20714: checking for strdup
configure:20714: gcc -o conftest -g -O2   conftest.c -ljsoncpp -lz  >&5
conftest.c:86:6: warning: conflicting types for built-in function 'strdup' [-Wbuiltin-declaration-mismatch]
 char strdup ();
      ^~~~~~
configure:20714: $? = 0
configure:20714: result: yes
configure:20714: checking for strerror
configure:20714: gcc -o conftest -g -O2   conftest.c -ljsoncpp -lz  >&5
configure:20714: $? = 0
configure:20714: result: yes
configure:20714: checking for strrchr
configure:20714: gcc -o conftest -g -O2   conftest.c -ljsoncpp -lz  >&5
conftest.c:88:6: warning: conflicting types for built-in function 'strrchr' [-Wbuiltin-declaration-mismatch]
 char strrchr ();
      ^~~~~~~
configure:20714: $? = 0
configure:20714: result: yes
configure:20714: checking for strstr
configure:20714: gcc -o conftest -g -O2   conftest.c -ljsoncpp -lz  >&5
conftest.c:89:6: warning: conflicting types for built-in function 'strstr' [-Wbuiltin-declaration-mismatch]
 char strstr ();
      ^~~~~~
configure:20714: $? = 0
configure:20714: result: yes
configure:20714: checking for strtol
configure:20714: gcc -o conftest -g -O2   conftest.c -ljsoncpp -lz  >&5
configure:20714: $? = 0
configure:20714: result: yes
configure:20879: checking that generated files are newer than configure
configure:20885: result: done
configure:20916: creating ./config.status

## ---------------------- ##
## Running config.status. ##
## ---------------------- ##

This file was extended by credex config.status 0.1.0, which was
generated by GNU Autoconf 2.69.  Invocation command line was

  CONFIG_FILES    = 
  CONFIG_HEADERS  = 
  CONFIG_LINKS    = 
  CONFIG_COMMANDS = 
  $ ./config.status 

on inspiron-3537

config.status:1107: creating Makefile
config.status:1107: creating test/Makefile
config.status:1107: creating test/clue/Makefile
config.status:1279: executing depfiles commands
config.status:1279: executing libtool commands
configure:23204: === configuring in redex (/home/lydia/Desktop/credex/redex)
configure:23267: running /bin/bash ./configure --disable-option-checking '--prefix=/usr/local'  --cache-file=/dev/null --srcdir=.

## ---------------- ##
## Cache variables. ##
## ---------------- ##

ac_cv_build=x86_64-pc-linux-gnu
ac_cv_c_compiler_gnu=yes
ac_cv_c_inline=inline
ac_cv_c_int16_t=yes
ac_cv_c_int32_t=yes
ac_cv_c_int64_t=yes
ac_cv_c_int8_t=yes
ac_cv_c_uint16_t=yes
ac_cv_c_uint32_t=yes
ac_cv_c_uint64_t=yes
ac_cv_c_uint8_t=yes
ac_cv_cxx_compiler_gnu=yes
ac_cv_env_ANDROID_BUILD_TOOLS_set=
ac_cv_env_ANDROID_BUILD_TOOLS_value=
ac_cv_env_CCC_set=
ac_cv_env_CCC_value=
ac_cv_env_CC_set=
ac_cv_env_CC_value=
ac_cv_env_CFLAGS_set=
ac_cv_env_CFLAGS_value=
ac_cv_env_CPPFLAGS_set=
ac_cv_env_CPPFLAGS_value=
ac_cv_env_CPP_set=
ac_cv_env_CPP_value=
ac_cv_env_CXXCPP_set=
ac_cv_env_CXXCPP_value=
ac_cv_env_CXXFLAGS_set=
ac_cv_env_CXXFLAGS_value=
ac_cv_env_CXX_set=
ac_cv_env_CXX_value=
ac_cv_env_LDFLAGS_set=
ac_cv_env_LDFLAGS_value=
ac_cv_env_LIBS_set=
ac_cv_env_LIBS_value=
ac_cv_env_LT_SYS_LIBRARY_PATH_set=
ac_cv_env_LT_SYS_LIBRARY_PATH_value=
ac_cv_env_PYTHON_set=
ac_cv_env_PYTHON_value=
ac_cv_env_build_alias_set=
ac_cv_env_build_alias_value=
ac_cv_env_host_alias_set=
ac_cv_env_host_alias_value=
ac_cv_env_target_alias_set=
ac_cv_env_target_alias_value=
ac_cv_func_clock_gettime=yes
ac_cv_func_getpagesize=yes
ac_cv_func_gettimeofday=yes
ac_cv_func_malloc_0_nonnull=yes
ac_cv_func_memmove=yes
ac_cv_func_memset=yes
ac_cv_func_mmap_fixed_mapped=yes
ac_cv_func_munmap=yes
ac_cv_func_realloc_0_nonnull=yes
ac_cv_func_regcomp=yes
ac_cv_func_strchr=yes
ac_cv_func_strdup=yes
ac_cv_func_strerror=yes
ac_cv_func_strrchr=yes
ac_cv_func_strstr=yes
ac_cv_func_strtol=yes
ac_cv_header_arpa_inet_h=yes
ac_cv_header_dlfcn_h=yes
ac_cv_header_fcntl_h=yes
ac_cv_header_inttypes_h=yes
ac_cv_header_memory_h=yes
ac_cv_header_netinet_in_h=yes
ac_cv_header_stdbool_h=yes
ac_cv_header_stdc=yes
ac_cv_header_stddef_h=yes
ac_cv_header_stdint_h=yes
ac_cv_header_stdlib_h=yes
ac_cv_header_string_h=yes
ac_cv_header_strings_h=yes
ac_cv_header_sys_param_h=yes
ac_cv_header_sys_stat_h=yes
ac_cv_header_sys_time_h=yes
ac_cv_header_sys_types_h=yes
ac_cv_header_unistd_h=yes
ac_cv_host=x86_64-pc-linux-gnu
ac_cv_lib_boost_filesystem___exit=yes
ac_cv_lib_boost_iostreams___exit=yes
ac_cv_lib_boost_program_options___exit=yes
ac_cv_lib_boost_regex___exit=yes
ac_cv_lib_boost_system___exit=yes
ac_cv_lib_boost_thread___exit=yes
ac_cv_lib_jsoncpp_main=yes
ac_cv_lib_z_adler32=yes
ac_cv_objext=o
ac_cv_path_DX=/home/lydia/Android/Sdk/build-tools/28.0.2/dx
ac_cv_path_EGREP='/bin/grep -E'
ac_cv_path_FGREP='/bin/grep -F'
ac_cv_path_GREP=/bin/grep
ac_cv_path_PYTHON=/usr/bin/python3
ac_cv_path_SED=/bin/sed
ac_cv_path_install='/usr/bin/install -c'
ac_cv_path_lt_DD=/bin/dd
ac_cv_path_mkdir=/bin/mkdir
ac_cv_prog_AWK=mawk
ac_cv_prog_CPP='gcc -E'
ac_cv_prog_CXXCPP='g++ -E'
ac_cv_prog_JAVA=java
ac_cv_prog_JAVAC=javac
ac_cv_prog_ac_ct_AR=ar
ac_cv_prog_ac_ct_CC=gcc
ac_cv_prog_ac_ct_CXX=g++
ac_cv_prog_ac_ct_MANIFEST_TOOL=mt
ac_cv_prog_ac_ct_OBJDUMP=objdump
ac_cv_prog_ac_ct_RANLIB=ranlib
ac_cv_prog_ac_ct_STRIP=strip
ac_cv_prog_cc_c89=
ac_cv_prog_cc_g=yes
ac_cv_prog_cxx_g=yes
ac_cv_prog_java_works=yes
ac_cv_prog_javac_works=yes
ac_cv_prog_make_make_set=yes
ac_cv_type__Bool=yes
ac_cv_type_off_t=yes
ac_cv_type_pid_t=yes
ac_cv_type_size_t=yes
ac_cv_type_ssize_t=yes
am_cv_CC_dependencies_compiler_type=gcc3
am_cv_CXX_dependencies_compiler_type=gcc3
am_cv_make_support_nested_variables=yes
am_cv_pathless_PYTHON=python3
am_cv_prog_cc_c_o=yes
am_cv_python_platform=linux
am_cv_python_pyexecdir='${exec_prefix}/lib/python3.6/site-packages'
am_cv_python_pythondir='${prefix}/lib/python3.6/site-packages'
am_cv_python_version=3.6
ax_cv_PTHREAD_CLANG=no
ax_cv_PTHREAD_JOINABLE_ATTR=PTHREAD_CREATE_JOINABLE
ax_cv_PTHREAD_PRIO_INHERIT=yes
ax_cv_PTHREAD_SPECIAL_FLAGS=no
ax_cv_boost_filesystem=yes
ax_cv_boost_iostreams=yes
ax_cv_boost_program_options=yes
ax_cv_boost_regex=yes
ax_cv_boost_system=yes
ax_cv_boost_thread=yes
lt_cv_ar_at_file=@
lt_cv_archive_cmds_need_lc=no
lt_cv_deplibs_check_method=pass_all
lt_cv_file_magic_cmd='$MAGIC_CMD'
lt_cv_file_magic_test_file=
lt_cv_ld_reload_flag=-r
lt_cv_nm_interface='BSD nm'
lt_cv_objdir=.libs
lt_cv_path_LD=/usr/bin/x86_64-linux-gnu-ld
lt_cv_path_LDCXX='/usr/bin/x86_64-linux-gnu-ld -m elf_x86_64'
lt_cv_path_NM='/usr/bin/nm -B'
lt_cv_path_mainfest_tool=no
lt_cv_prog_compiler_c_o=yes
lt_cv_prog_compiler_c_o_CXX=yes
lt_cv_prog_compiler_pic='-fPIC -DPIC'
lt_cv_prog_compiler_pic_CXX='-fPIC -DPIC'
lt_cv_prog_compiler_pic_works=yes
lt_cv_prog_compiler_pic_works_CXX=yes
lt_cv_prog_compiler_rtti_exceptions=no
lt_cv_prog_compiler_static_works=yes
lt_cv_prog_compiler_static_works_CXX=yes
lt_cv_prog_gnu_ld=yes
lt_cv_prog_gnu_ldcxx=yes
lt_cv_sharedlib_from_linklib_cmd='printf %s\n'
lt_cv_shlibpath_overrides_runpath=yes
lt_cv_sys_global_symbol_pipe='sed -n -e '\''s/^.*[	 ]\([ABCDGIRSTW][ABCDGIRSTW]*\)[	 ][	 ]*\([_A-Za-z][_A-Za-z0-9]*\)$/\1 \2 \2/p'\'' | sed '\''/ __gnu_lto/d'\'''
lt_cv_sys_global_symbol_to_c_name_address='sed -n -e '\''s/^: \(.*\) .*$/  {"\1", (void *) 0},/p'\'' -e '\''s/^[ABCDGIRSTW][ABCDGIRSTW]* .* \(.*\)$/  {"\1", (void *) \&\1},/p'\'''
lt_cv_sys_global_symbol_to_c_name_address_lib_prefix='sed -n -e '\''s/^: \(.*\) .*$/  {"\1", (void *) 0},/p'\'' -e '\''s/^[ABCDGIRSTW][ABCDGIRSTW]* .* \(lib.*\)$/  {"\1", (void *) \&\1},/p'\'' -e '\''s/^[ABCDGIRSTW][ABCDGIRSTW]* .* \(.*\)$/  {"lib\1", (void *) \&\1},/p'\'''
lt_cv_sys_global_symbol_to_cdecl='sed -n -e '\''s/^T .* \(.*\)$/extern int \1();/p'\'' -e '\''s/^[ABCDGIRSTW][ABCDGIRSTW]* .* \(.*\)$/extern char \1;/p'\'''
lt_cv_sys_global_symbol_to_import=
lt_cv_sys_max_cmd_len=1572864
lt_cv_to_host_file_cmd=func_convert_file_noop
lt_cv_to_tool_file_cmd=func_convert_file_noop
lt_cv_truncate_bin='/bin/dd bs=4096 count=1'

## ----------------- ##
## Output variables. ##
## ----------------- ##

ACLOCAL='${SHELL} /home/lydia/Desktop/credex/missing aclocal-1.15'
AMDEPBACKSLASH='\'
AMDEP_FALSE='#'
AMDEP_TRUE=''
AMTAR='$${TAR-tar}'
AM_BACKSLASH='\'
AM_DEFAULT_V='$(AM_DEFAULT_VERBOSITY)'
AM_DEFAULT_VERBOSITY='1'
AM_V='$(V)'
ANDROID_BUILD_TOOLS='/home/lydia/Android/Sdk/build-tools/28.0.2'
AR='ar'
AUTOCONF='${SHELL} /home/lydia/Desktop/credex/missing autoconf'
AUTOHEADER='${SHELL} /home/lydia/Desktop/credex/missing autoheader'
AUTOMAKE='${SHELL} /home/lydia/Desktop/credex/missing automake-1.15'
AWK='mawk'
BOOST_CPPFLAGS='-pthread -I/usr/include'
BOOST_FILESYSTEM_LIB='-lboost_filesystem'
BOOST_IOSTREAMS_LIB='-lboost_iostreams'
BOOST_LDFLAGS='-L/usr/lib/x86_64-linux-gnu'
BOOST_PROGRAM_OPTIONS_LIB='-lboost_program_options'
BOOST_REGEX_LIB='-lboost_regex'
BOOST_SYSTEM_LIB='-lboost_system'
BOOST_THREAD_LIB='-lboost_thread -lpthread'
CC='gcc'
CCDEPMODE='depmode=gcc3'
CFLAGS='-g -O2'
CPP='gcc -E'
CPPFLAGS=''
CXX='g++'
CXXCPP='g++ -E'
CXXDEPMODE='depmode=gcc3'
CXXFLAGS=''
CYGPATH_W='echo'
DEFS='-DPACKAGE_NAME=\"credex\" -DPACKAGE_TARNAME=\"credex\" -DPACKAGE_VERSION=\"0.1.0\" -DPACKAGE_STRING=\"credex\ 0.1.0\" -DPACKAGE_BUGREPORT=\"yannis@di.uoa.gr\" -DPACKAGE_URL=\"\" -DPACKAGE=\"credex\" -DVERSION=\"0.1.0\" -DSTDC_HEADERS=1 -DHAVE_SYS_TYPES_H=1 -DHAVE_SYS_STAT_H=1 -DHAVE_STDLIB_H=1 -DHAVE_STRING_H=1 -DHAVE_MEMORY_H=1 -DHAVE_STRINGS_H=1 -DHAVE_INTTYPES_H=1 -DHAVE_STDINT_H=1 -DHAVE_UNISTD_H=1 -DHAVE_DLFCN_H=1 -DLT_OBJDIR=\".libs/\" -DWITH_ANDROID_BUILD_TOOLS=\"/home/lydia/Android/Sdk/build-tools/28.0.2\" -DHAVE_PTHREAD_PRIO_INHERIT=1 -DHAVE_PTHREAD=1 -DHAVE_BOOST=/\*\*/ -DHAVE_BOOST_FILESYSTEM=/\*\*/ -DHAVE_BOOST_SYSTEM=/\*\*/ -DHAVE_BOOST_REGEX=/\*\*/ -DHAVE_BOOST_PROGRAM_OPTIONS=/\*\*/ -DHAVE_BOOST_IOSTREAMS=/\*\*/ -DHAVE_BOOST_THREAD=/\*\*/ -DHAVE_LIBZ=1 -DHAVE_LIBJSONCPP=1 -DHAVE_ARPA_INET_H=1 -DHAVE_FCNTL_H=1 -DHAVE_INTTYPES_H=1 -DHAVE_MEMORY_H=1 -DHAVE_NETINET_IN_H=1 -DHAVE_STDDEF_H=1 -DHAVE_STDINT_H=1 -DHAVE_STDLIB_H=1 -DHAVE_STRING_H=1 -DHAVE_SYS_TIME_H=1 -DHAVE_UNISTD_H=1 -DHAVE__BOOL=1 -DHAVE_STDLIB_H=1 -DHAVE_MALLOC=1 -DHAVE_STDLIB_H=1 -DHAVE_UNISTD_H=1 -DHAVE_SYS_PARAM_H=1 -DHAVE_GETPAGESIZE=1 -DHAVE_MMAP=1 -DHAVE_STDLIB_H=1 -DHAVE_REALLOC=1 -DHAVE_CLOCK_GETTIME=1 -DHAVE_GETTIMEOFDAY=1 -DHAVE_MEMMOVE=1 -DHAVE_MEMSET=1 -DHAVE_MUNMAP=1 -DHAVE_REGCOMP=1 -DHAVE_STRCHR=1 -DHAVE_STRDUP=1 -DHAVE_STRERROR=1 -DHAVE_STRRCHR=1 -DHAVE_STRSTR=1 -DHAVE_STRTOL=1'
DEPDIR='.deps'
DLLTOOL='false'
DSYMUTIL=''
DUMPBIN=''
DX='/home/lydia/Android/Sdk/build-tools/28.0.2/dx'
ECHO_C=''
ECHO_N='-n'
ECHO_T=''
EGREP='/bin/grep -E'
EXEEXT=''
FGREP='/bin/grep -F'
GREP='/bin/grep'
INSTALL_DATA='${INSTALL} -m 644'
INSTALL_PROGRAM='${INSTALL}'
INSTALL_SCRIPT='${INSTALL}'
INSTALL_STRIP_PROGRAM='$(install_sh) -c -s'
JAVA='java'
JAVAC='javac'
JAVACFLAGS=''
JAVAFLAGS=''
JAVAPREFIX=''
LD='/usr/bin/x86_64-linux-gnu-ld -m elf_x86_64'
LDFLAGS=''
LIBOBJS=''
LIBS='-ljsoncpp -lz '
LIBTOOL='$(SHELL) $(top_builddir)/libtool'
LIPO=''
LN_S='ln -s'
LTLIBOBJS=''
LT_SYS_LIBRARY_PATH=''
MAKEINFO='${SHELL} /home/lydia/Desktop/credex/missing makeinfo'
MANIFEST_TOOL=':'
MKDIR_P='/bin/mkdir -p'
NM='/usr/bin/nm -B'
NMEDIT=''
OBJDUMP='objdump'
OBJEXT='o'
OTOOL64=''
OTOOL=''
PACKAGE='credex'
PACKAGE_BUGREPORT='yannis@di.uoa.gr'
PACKAGE_NAME='credex'
PACKAGE_STRING='credex 0.1.0'
PACKAGE_TARNAME='credex'
PACKAGE_URL=''
PACKAGE_VERSION='0.1.0'
PATH_SEPARATOR=':'
PTHREAD_CC='gcc'
PTHREAD_CFLAGS='-pthread'
PTHREAD_LIBS=''
PYTHON='/usr/bin/python3'
PYTHON_EXEC_PREFIX='${exec_prefix}'
PYTHON_PLATFORM='linux'
PYTHON_PREFIX='${prefix}'
PYTHON_VERSION='3.6'
RANLIB='ranlib'
SED='/bin/sed'
SET_MAKE=''
SHELL='/bin/bash'
STRIP='strip'
VERSION='0.1.0'
ac_ct_AR='ar'
ac_ct_CC='gcc'
ac_ct_CXX='g++'
ac_ct_DUMPBIN=''
am__EXEEXT_FALSE=''
am__EXEEXT_TRUE='#'
am__fastdepCC_FALSE='#'
am__fastdepCC_TRUE=''
am__fastdepCXX_FALSE='#'
am__fastdepCXX_TRUE=''
am__include='include'
am__isrc=''
am__leading_dot='.'
am__nodep='_no'
am__quote=''
am__tar='$${TAR-tar} chof - "$$tardir"'
am__untar='$${TAR-tar} xf -'
ax_pthread_config=''
bindir='${exec_prefix}/bin'
build='x86_64-pc-linux-gnu'
build_alias=''
build_cpu='x86_64'
build_os='linux-gnu'
build_vendor='pc'
datadir='${datarootdir}'
datarootdir='${prefix}/share'
docdir='${datarootdir}/doc/${PACKAGE_TARNAME}'
dvidir='${docdir}'
exec_prefix='${prefix}'
host='x86_64-pc-linux-gnu'
host_alias=''
host_cpu='x86_64'
host_os='linux-gnu'
host_vendor='pc'
htmldir='${docdir}'
includedir='${prefix}/include'
infodir='${datarootdir}/info'
install_sh='${SHELL} /home/lydia/Desktop/credex/install-sh'
libdir='${exec_prefix}/lib'
libexecdir='${exec_prefix}/libexec'
localedir='${datarootdir}/locale'
localstatedir='${prefix}/var'
mandir='${datarootdir}/man'
mkdir_p='$(MKDIR_P)'
oldincludedir='/usr/include'
pdfdir='${docdir}'
pkgpyexecdir='${pyexecdir}/credex'
pkgpythondir='${pythondir}/credex'
prefix='/usr/local'
program_transform_name='s,x,x,'
psdir='${docdir}'
pyexecdir='${exec_prefix}/lib/python3.6/site-packages'
pythondir='${prefix}/lib/python3.6/site-packages'
runstatedir='${localstatedir}/run'
sbindir='${exec_prefix}/sbin'
sharedstatedir='${prefix}/com'
subdirs=' redex'
sysconfdir='${prefix}/etc'
target_alias=''

## ----------- ##
## confdefs.h. ##
## ----------- ##

/* confdefs.h */
#define PACKAGE_NAME "credex"
#define PACKAGE_TARNAME "credex"
#define PACKAGE_VERSION "0.1.0"
#define PACKAGE_STRING "credex 0.1.0"
#define PACKAGE_BUGREPORT "yannis@di.uoa.gr"
#define PACKAGE_URL ""
#define PACKAGE "credex"
#define VERSION "0.1.0"
#define STDC_HEADERS 1
#define HAVE_SYS_TYPES_H 1
#define HAVE_SYS_STAT_H 1
#define HAVE_STDLIB_H 1
#define HAVE_STRING_H 1
#define HAVE_MEMORY_H 1
#define HAVE_STRINGS_H 1
#define HAVE_INTTYPES_H 1
#define HAVE_STDINT_H 1
#define HAVE_UNISTD_H 1
#define HAVE_DLFCN_H 1
#define LT_OBJDIR ".libs/"
#define WITH_ANDROID_BUILD_TOOLS "/home/lydia/Android/Sdk/build-tools/28.0.2"
#define HAVE_PTHREAD_PRIO_INHERIT 1
#define HAVE_PTHREAD 1
#define HAVE_BOOST /**/
#define HAVE_BOOST_FILESYSTEM /**/
#define HAVE_BOOST_SYSTEM /**/
#define HAVE_BOOST_REGEX /**/
#define HAVE_BOOST_PROGRAM_OPTIONS /**/
#define HAVE_BOOST_IOSTREAMS /**/
#define HAVE_BOOST_THREAD /**/
#define HAVE_LIBZ 1
#define HAVE_LIBJSONCPP 1
#define HAVE_ARPA_INET_H 1
#define HAVE_FCNTL_H 1
#define HAVE_INTTYPES_H 1
#define HAVE_MEMORY_H 1
#define HAVE_NETINET_IN_H 1
#define HAVE_STDDEF_H 1
#define HAVE_STDINT_H 1
#define HAVE_STDLIB_H 1
#define HAVE_STRING_H 1
#define HAVE_SYS_TIME_H 1
#define HAVE_UNISTD_H 1
#define HAVE__BOOL 1
#define HAVE_STDLIB_H 1
#define HAVE_MALLOC 1
#define HAVE_STDLIB_H 1
#define HAVE_UNISTD_H 1
#define HAVE_SYS_PARAM_H 1
#define HAVE_GETPAGESIZE 1
#define HAVE_MMAP 1
#define HAVE_STDLIB_H 1
#define HAVE_REALLOC 1
#define HAVE_CLOCK_GETTIME 1
#define HAVE_GETTIMEOFDAY 1
#define HAVE_MEMMOVE 1
#define HAVE_MEMSET 1
#define HAVE_MUNMAP 1
#define HAVE_REGCOMP 1
#define HAVE_STRCHR 1
#define HAVE_STRDUP 1
#define HAVE_STRERROR 1
#define HAVE_STRRCHR 1
#define HAVE_STRSTR 1
#define HAVE_STRTOL 1

configure: exit 0
